<?xml version="1.0" encoding="UTF-8"?>
<!-- Generated by org.testng.reporters.JUnitXMLReporter -->
<testsuite hostname="sxazf-PC" name="Test1" tests="4" failures="0" timestamp="30 Nov 2014 13:39:50 GMT" time="0.062" errors="0">
  <testcase name="test1" time="0.016" classname="com.demo.Test2"/>
  <testcase name="test2" time="0.0" classname="com.demo.Test2"/>
  <testcase name="testData" time="0.015" classname="com.demo.Test2"/>
  <testcase name="testData" time="0.0" classname="com.demo.Test2"/>
</testsuite> <!-- Test1 -->
